f:\study\semester 3\data structure lab\data lab project\bgi\debug\vc142.pdb
f:\study\semester 3\data structure lab\data lab project\bgi\debug\vc142.idb
f:\study\semester 3\data structure lab\data lab project\bgi\debug\winthread.obj
f:\study\semester 3\data structure lab\data lab project\bgi\debug\winbgi.obj
f:\study\semester 3\data structure lab\data lab project\bgi\debug\usamacpp.obj
f:\study\semester 3\data structure lab\data lab project\bgi\debug\usama.obj
f:\study\semester 3\data structure lab\data lab project\bgi\debug\text.obj
f:\study\semester 3\data structure lab\data lab project\bgi\debug\main.obj
f:\study\semester 3\data structure lab\data lab project\bgi\debug\palette.obj
f:\study\semester 3\data structure lab\data lab project\bgi\debug\mouse.obj
f:\study\semester 3\data structure lab\data lab project\bgi\debug\misc.obj
f:\study\semester 3\data structure lab\data lab project\bgi\debug\file.obj
f:\study\semester 3\data structure lab\data lab project\bgi\debug\drawing.obj
f:\study\semester 3\data structure lab\data lab project\bgi\debug\dibutil.obj
f:\study\semester 3\data structure lab\data lab project\bgi\debug\bgiout.obj
f:\study\semester 3\data structure lab\data lab project\bgi\debug\data final project.exe
f:\study\semester 3\data structure lab\data lab project\bgi\debug\data final project.ilk
f:\study\semester 3\data structure lab\data lab project\bgi\debug\data final project.pdb
f:\study\semester 3\data structure lab\data lab project\bgi\debug\data fin.b0a1af87.tlog\cl.command.1.tlog
f:\study\semester 3\data structure lab\data lab project\bgi\debug\data fin.b0a1af87.tlog\cl.read.1.tlog
f:\study\semester 3\data structure lab\data lab project\bgi\debug\data fin.b0a1af87.tlog\cl.write.1.tlog
f:\study\semester 3\data structure lab\data lab project\bgi\debug\data fin.b0a1af87.tlog\link.command.1.tlog
f:\study\semester 3\data structure lab\data lab project\bgi\debug\data fin.b0a1af87.tlog\link.read.1.tlog
f:\study\semester 3\data structure lab\data lab project\bgi\debug\data fin.b0a1af87.tlog\link.write.1.tlog
